<?xml version="1.0" encoding="UTF-8"?>
<robot generator="Robot 7.0.1 (Python 3.12.5 on win32)" generated="2024-11-12T21:16:29.658869" rpa="false" schemaversion="5">
<suite id="s1" name="Demo" source="D:\Workspace\Apertuer\UI Testing\TestCases\demo.robot">
<test id="s1-t1" name="Open and Login to SauceDemo" line="6">
<kw name="Open a browser and navigate to Sauce Demo" owner="keyword">
<kw name="Open Browser" owner="SeleniumLibrary">
<msg time="2024-11-12T21:16:29.956749" level="INFO">Opening browser 'chrome' to base url 'https://www.saucedemo.com/'.</msg>
<arg>${url_test_login}</arg>
<arg>chrome</arg>
<arg>options=add_argument("--start-maximized")</arg>
<doc>Opens a new browser instance to the optional ``url``.</doc>
<status status="PASS" start="2024-11-12T21:16:29.956749" elapsed="2.569699"/>
</kw>
<status status="PASS" start="2024-11-12T21:16:29.955752" elapsed="2.570696"/>
</kw>
<kw name="Log in with test credentials" owner="keyword">
<kw name="Input Text" owner="SeleniumLibrary">
<msg time="2024-11-12T21:16:32.527445" level="INFO">Typing text 'standard_user' into text field 'xpath://*[@id="user-name"]'.</msg>
<arg>xpath:${text_username}</arg>
<arg>${username}</arg>
<doc>Types the given ``text`` into the text field identified by ``locator``.</doc>
<status status="PASS" start="2024-11-12T21:16:32.527445" elapsed="0.087474"/>
</kw>
<kw name="Input Text" owner="SeleniumLibrary">
<msg time="2024-11-12T21:16:32.614919" level="INFO">Typing text 'secret_sauce' into text field 'xpath://*[@id="password"]'.</msg>
<arg>xpath:${text_password}</arg>
<arg>${password}</arg>
<doc>Types the given ``text`` into the text field identified by ``locator``.</doc>
<status status="PASS" start="2024-11-12T21:16:32.614919" elapsed="0.059840"/>
</kw>
<kw name="Click Button" owner="SeleniumLibrary">
<msg time="2024-11-12T21:16:32.674759" level="INFO">Clicking button 'xpath://*[@id="login-button"]'.</msg>
<arg>xpath:${text_login}</arg>
<doc>Clicks the button identified by ``locator``.</doc>
<status status="PASS" start="2024-11-12T21:16:32.674759" elapsed="0.064339"/>
</kw>
<status status="PASS" start="2024-11-12T21:16:32.527445" elapsed="0.211653"/>
</kw>
<kw name="Add a few products to the cart" owner="keyword">
<kw name="Get Text" owner="SeleniumLibrary">
<msg time="2024-11-12T21:16:32.761039" level="INFO">${itemname_backpack} = Sauce Labs Backpack</msg>
<var>${itemname_backpack}</var>
<arg>xpath:${text_backpack}</arg>
<doc>Returns the text value of the element identified by ``locator``.</doc>
<status status="PASS" start="2024-11-12T21:16:32.739098" elapsed="0.021941"/>
</kw>
<kw name="Get Text" owner="SeleniumLibrary">
<msg time="2024-11-12T21:16:32.775999" level="INFO">${itemname_bikelight} = Sauce Labs Bike Light</msg>
<var>${itemname_bikelight}</var>
<arg>xpath:${text_bikelight}</arg>
<doc>Returns the text value of the element identified by ``locator``.</doc>
<status status="PASS" start="2024-11-12T21:16:32.761039" elapsed="0.014960"/>
</kw>
<kw name="Get Text" owner="SeleniumLibrary">
<msg time="2024-11-12T21:16:32.789962" level="INFO">${itemname_tshirt} = Sauce Labs Bolt T-Shirt</msg>
<var>${itemname_tshirt}</var>
<arg>xpath:${text_thsirt}</arg>
<doc>Returns the text value of the element identified by ``locator``.</doc>
<status status="PASS" start="2024-11-12T21:16:32.775999" elapsed="0.013963"/>
</kw>
<kw name="Set Global Variable" owner="BuiltIn">
<msg time="2024-11-12T21:16:32.790959" level="INFO">${itemname_backpack} = Sauce Labs Backpack</msg>
<arg>${itemname_backpack}</arg>
<doc>Makes a variable available globally in all tests and suites.</doc>
<status status="PASS" start="2024-11-12T21:16:32.789962" elapsed="0.000997"/>
</kw>
<kw name="Set Global Variable" owner="BuiltIn">
<msg time="2024-11-12T21:16:32.790959" level="INFO">${itemname_bikelight} = Sauce Labs Bike Light</msg>
<arg>${itemname_bikelight}</arg>
<doc>Makes a variable available globally in all tests and suites.</doc>
<status status="PASS" start="2024-11-12T21:16:32.790959" elapsed="0.000000"/>
</kw>
<kw name="Set Global Variable" owner="BuiltIn">
<msg time="2024-11-12T21:16:32.790959" level="INFO">${itemname_tshirt} = Sauce Labs Bolt T-Shirt</msg>
<arg>${itemname_tshirt}</arg>
<doc>Makes a variable available globally in all tests and suites.</doc>
<status status="PASS" start="2024-11-12T21:16:32.790959" elapsed="0.000000"/>
</kw>
<kw name="Click Button" owner="SeleniumLibrary">
<msg time="2024-11-12T21:16:32.790959" level="INFO">Clicking button 'xpath://*[@id="add-to-cart-sauce-labs-backpack"]'.</msg>
<arg>xpath:${button_backpack}</arg>
<doc>Clicks the button identified by ``locator``.</doc>
<status status="PASS" start="2024-11-12T21:16:32.790959" elapsed="0.046874"/>
</kw>
<kw name="Click Button" owner="SeleniumLibrary">
<msg time="2024-11-12T21:16:32.838831" level="INFO">Clicking button 'xpath://*[@id="add-to-cart-sauce-labs-bike-light"]'.</msg>
<arg>xpath:${button_bikelights}</arg>
<doc>Clicks the button identified by ``locator``.</doc>
<status status="PASS" start="2024-11-12T21:16:32.837833" elapsed="0.041889"/>
</kw>
<kw name="Click Button" owner="SeleniumLibrary">
<msg time="2024-11-12T21:16:32.879722" level="INFO">Clicking button 'xpath://*[@id="add-to-cart-sauce-labs-bolt-t-shirt"]'.</msg>
<arg>xpath:${button_tshirt}</arg>
<doc>Clicks the button identified by ``locator``.</doc>
<status status="PASS" start="2024-11-12T21:16:32.879722" elapsed="0.039350"/>
</kw>
<status status="PASS" start="2024-11-12T21:16:32.739098" elapsed="0.179974"/>
</kw>
<kw name="Go to the Cart and validate that all selected items are present" owner="keyword">
<kw name="Click Link" owner="SeleniumLibrary">
<msg time="2024-11-12T21:16:32.920070" level="INFO">Clicking link 'xpath://*[@id="shopping_cart_container"]/a'.</msg>
<arg>xpath:${button_cart}</arg>
<doc>Clicks a link identified by ``locator``.</doc>
<status status="PASS" start="2024-11-12T21:16:32.920070" elapsed="0.041888"/>
</kw>
<kw name="Get Text" owner="SeleniumLibrary">
<msg time="2024-11-12T21:16:32.974924" level="INFO">${itemname_backpack2} = Sauce Labs Backpack</msg>
<var>${itemname_backpack2}</var>
<arg>xpath:${text_backpack2}</arg>
<doc>Returns the text value of the element identified by ``locator``.</doc>
<status status="PASS" start="2024-11-12T21:16:32.961958" elapsed="0.012966"/>
</kw>
<kw name="Get Text" owner="SeleniumLibrary">
<msg time="2024-11-12T21:16:32.985894" level="INFO">${itemname_bikelight2} = Sauce Labs Bike Light</msg>
<var>${itemname_bikelight2}</var>
<arg>xpath:${text_bikelight2}</arg>
<doc>Returns the text value of the element identified by ``locator``.</doc>
<status status="PASS" start="2024-11-12T21:16:32.974924" elapsed="0.010970"/>
</kw>
<kw name="Get Text" owner="SeleniumLibrary">
<msg time="2024-11-12T21:16:32.996864" level="INFO">${itemname_tshirt2} = Sauce Labs Bolt T-Shirt</msg>
<var>${itemname_tshirt2}</var>
<arg>xpath:${text_thsirt2}</arg>
<doc>Returns the text value of the element identified by ``locator``.</doc>
<status status="PASS" start="2024-11-12T21:16:32.986891" elapsed="0.009973"/>
</kw>
<kw name="Should Be Equal" owner="BuiltIn">
<arg>${itemname_backpack}</arg>
<arg>${itemname_backpack2}</arg>
<doc>Fails if the given objects are unequal.</doc>
<status status="PASS" start="2024-11-12T21:16:32.997862" elapsed="0.000000"/>
</kw>
<kw name="Should Be Equal" owner="BuiltIn">
<arg>${itemname_bikelight}</arg>
<arg>${itemname_bikelight2}</arg>
<doc>Fails if the given objects are unequal.</doc>
<status status="PASS" start="2024-11-12T21:16:32.997862" elapsed="0.000000"/>
</kw>
<kw name="Should Be Equal" owner="BuiltIn">
<arg>${itemname_tshirt}</arg>
<arg>${itemname_tshirt2}</arg>
<doc>Fails if the given objects are unequal.</doc>
<status status="PASS" start="2024-11-12T21:16:32.997862" elapsed="0.000000"/>
</kw>
<status status="PASS" start="2024-11-12T21:16:32.920070" elapsed="0.077792"/>
</kw>
<kw name="Continue to checkout and validate the items and totals at each step" owner="keyword">
<kw name="Click checkout and Fill The Information" owner="keyword">
<kw name="Click Button" owner="SeleniumLibrary">
<msg time="2024-11-12T21:16:32.998859" level="INFO">Clicking button 'xpath://*[@id="checkout"]'.</msg>
<arg>xpath:${button_checkout}</arg>
<doc>Clicks the button identified by ``locator``.</doc>
<status status="PASS" start="2024-11-12T21:16:32.998859" elapsed="0.067595"/>
</kw>
<kw name="Input Text" owner="SeleniumLibrary">
<msg time="2024-11-12T21:16:33.067451" level="INFO">Typing text 'Phongsatorn' into text field 'xpath://*[@id="first-name"]'.</msg>
<arg>xpath:${text_fname}</arg>
<arg>${fname}</arg>
<doc>Types the given ``text`` into the text field identified by ``locator``.</doc>
<status status="PASS" start="2024-11-12T21:16:33.067451" elapsed="0.079511"/>
</kw>
<kw name="Input Text" owner="SeleniumLibrary">
<msg time="2024-11-12T21:16:33.146962" level="INFO">Typing text 'Teanson' into text field 'xpath://*[@id="last-name"]'.</msg>
<arg>xpath:${text_sname}</arg>
<arg>${sname}</arg>
<doc>Types the given ``text`` into the text field identified by ``locator``.</doc>
<status status="PASS" start="2024-11-12T21:16:33.146962" elapsed="0.060950"/>
</kw>
<kw name="Input Text" owner="SeleniumLibrary">
<msg time="2024-11-12T21:16:33.207912" level="INFO">Typing text '12130' into text field 'xpath://*[@id="postal-code"]'.</msg>
<arg>xpath:${text_zipcode}</arg>
<arg>${zipcode}</arg>
<doc>Types the given ``text`` into the text field identified by ``locator``.</doc>
<status status="PASS" start="2024-11-12T21:16:33.207912" elapsed="0.060110"/>
</kw>
<kw name="Click Button" owner="SeleniumLibrary">
<msg time="2024-11-12T21:16:33.269019" level="INFO">Clicking button 'xpath://*[@id="continue"]'.</msg>
<arg>xpath:${button_submit}</arg>
<doc>Clicks the button identified by ``locator``.</doc>
<status status="PASS" start="2024-11-12T21:16:33.268022" elapsed="0.046876"/>
</kw>
<status status="PASS" start="2024-11-12T21:16:32.998859" elapsed="0.316039"/>
</kw>
<kw name="Validate Product and Item Total" owner="keyword">
<kw name="Get Text" owner="SeleniumLibrary">
<msg time="2024-11-12T21:16:33.326865" level="INFO">${itemname_backpack3} = Sauce Labs Backpack</msg>
<var>${itemname_backpack3}</var>
<arg>xpath:${text_backpack3}</arg>
<doc>Returns the text value of the element identified by ``locator``.</doc>
<status status="PASS" start="2024-11-12T21:16:33.315894" elapsed="0.010971"/>
</kw>
<kw name="Get Text" owner="SeleniumLibrary">
<msg time="2024-11-12T21:16:33.335842" level="INFO">${itemname_bikelight3} = Sauce Labs Bike Light</msg>
<var>${itemname_bikelight3}</var>
<arg>xpath:${text_bikelight3}</arg>
<doc>Returns the text value of the element identified by ``locator``.</doc>
<status status="PASS" start="2024-11-12T21:16:33.326865" elapsed="0.008977"/>
</kw>
<kw name="Get Text" owner="SeleniumLibrary">
<msg time="2024-11-12T21:16:33.344817" level="INFO">${itemname_tshirt3} = Sauce Labs Bolt T-Shirt</msg>
<var>${itemname_tshirt3}</var>
<arg>xpath:${text_thsirt3}</arg>
<doc>Returns the text value of the element identified by ``locator``.</doc>
<status status="PASS" start="2024-11-12T21:16:33.336838" elapsed="0.007979"/>
</kw>
<kw name="Should Be Equal" owner="BuiltIn">
<arg>${itemname_backpack3}</arg>
<arg>${itemname_backpack}</arg>
<doc>Fails if the given objects are unequal.</doc>
<status status="PASS" start="2024-11-12T21:16:33.344817" elapsed="0.000997"/>
</kw>
<kw name="Should Be Equal" owner="BuiltIn">
<arg>${itemname_bikelight3}</arg>
<arg>${itemname_bikelight}</arg>
<doc>Fails if the given objects are unequal.</doc>
<status status="PASS" start="2024-11-12T21:16:33.345814" elapsed="0.000000"/>
</kw>
<kw name="Should Be Equal" owner="BuiltIn">
<arg>${itemname_tshirt3}</arg>
<arg>${itemname_tshirt}</arg>
<doc>Fails if the given objects are unequal.</doc>
<status status="PASS" start="2024-11-12T21:16:33.345814" elapsed="0.000000"/>
</kw>
<kw name="Get Text" owner="SeleniumLibrary">
<msg time="2024-11-12T21:16:33.357782" level="INFO">${price_backpack} = $29.99</msg>
<var>${price_backpack}</var>
<arg>xpath:${text_pricebackpack}</arg>
<doc>Returns the text value of the element identified by ``locator``.</doc>
<status status="PASS" start="2024-11-12T21:16:33.345814" elapsed="0.011968"/>
</kw>
<kw name="Get Text" owner="SeleniumLibrary">
<msg time="2024-11-12T21:16:33.369751" level="INFO">${price_bikelight} = $9.99</msg>
<var>${price_bikelight}</var>
<arg>xpath:${text_pricebikelight}</arg>
<doc>Returns the text value of the element identified by ``locator``.</doc>
<status status="PASS" start="2024-11-12T21:16:33.357782" elapsed="0.011969"/>
</kw>
<kw name="Get Text" owner="SeleniumLibrary">
<msg time="2024-11-12T21:16:33.381718" level="INFO">${price_tshirt} = $15.99</msg>
<var>${price_tshirt}</var>
<arg>xpath:${text_pricetshirt}</arg>
<doc>Returns the text value of the element identified by ``locator``.</doc>
<status status="PASS" start="2024-11-12T21:16:33.370748" elapsed="0.010970"/>
</kw>
<kw name="Remove String" owner="String">
<msg time="2024-11-12T21:16:33.382715" level="INFO">${price_backpack} = 29.99</msg>
<var>${price_backpack}</var>
<arg>${price_backpack}</arg>
<arg>$</arg>
<doc>Removes all ``removables`` from the given ``string``.</doc>
<status status="PASS" start="2024-11-12T21:16:33.382715" elapsed="0.000000"/>
</kw>
<kw name="Remove String" owner="String">
<msg time="2024-11-12T21:16:33.382715" level="INFO">${price_bikelight} = 9.99</msg>
<var>${price_bikelight}</var>
<arg>${price_bikelight}</arg>
<arg>$</arg>
<doc>Removes all ``removables`` from the given ``string``.</doc>
<status status="PASS" start="2024-11-12T21:16:33.382715" elapsed="0.000000"/>
</kw>
<kw name="Remove String" owner="String">
<msg time="2024-11-12T21:16:33.382715" level="INFO">${price_tshirt} = 15.99</msg>
<var>${price_tshirt}</var>
<arg>${price_tshirt}</arg>
<arg>$</arg>
<doc>Removes all ``removables`` from the given ``string``.</doc>
<status status="PASS" start="2024-11-12T21:16:33.382715" elapsed="0.000000"/>
</kw>
<kw name="Evaluate" owner="BuiltIn">
<msg time="2024-11-12T21:16:33.383713" level="INFO">${price_backpack} = 29.99</msg>
<var>${price_backpack}</var>
<arg>float(${price_backpack})</arg>
<doc>Evaluates the given expression in Python and returns the result.</doc>
<status status="PASS" start="2024-11-12T21:16:33.382715" elapsed="0.000998"/>
</kw>
<kw name="Evaluate" owner="BuiltIn">
<msg time="2024-11-12T21:16:33.383713" level="INFO">${price_bikelight} = 9.99</msg>
<var>${price_bikelight}</var>
<arg>float(${price_bikelight})</arg>
<doc>Evaluates the given expression in Python and returns the result.</doc>
<status status="PASS" start="2024-11-12T21:16:33.383713" elapsed="0.000000"/>
</kw>
<kw name="Evaluate" owner="BuiltIn">
<msg time="2024-11-12T21:16:33.383713" level="INFO">${price_tshirt} = 15.99</msg>
<var>${price_tshirt}</var>
<arg>float(${price_tshirt})</arg>
<doc>Evaluates the given expression in Python and returns the result.</doc>
<status status="PASS" start="2024-11-12T21:16:33.383713" elapsed="0.000997"/>
</kw>
<kw name="Evaluate" owner="BuiltIn">
<msg time="2024-11-12T21:16:33.384710" level="INFO">${result} = 55.97</msg>
<var>${result}</var>
<arg>${price_backpack} + ${price_bikelight} + ${price_tshirt}</arg>
<doc>Evaluates the given expression in Python and returns the result.</doc>
<status status="PASS" start="2024-11-12T21:16:33.384710" elapsed="0.000000"/>
</kw>
<kw name="Log" owner="BuiltIn">
<msg time="2024-11-12T21:16:33.384710" level="INFO">Item Total = 55.97</msg>
<arg>Item Total = ${result}</arg>
<doc>Logs the given message with the given level.</doc>
<status status="PASS" start="2024-11-12T21:16:33.384710" elapsed="0.000000"/>
</kw>
<kw name="Set Global Variable" owner="BuiltIn">
<msg time="2024-11-12T21:16:33.384710" level="INFO">${result} = 55.97</msg>
<arg>${result}</arg>
<doc>Makes a variable available globally in all tests and suites.</doc>
<status status="PASS" start="2024-11-12T21:16:33.384710" elapsed="0.000000"/>
</kw>
<status status="PASS" start="2024-11-12T21:16:33.314898" elapsed="0.069812"/>
</kw>
<kw name="Calculate Tax" owner="keyword">
<kw name="Get Text" owner="SeleniumLibrary">
<msg time="2024-11-12T21:16:33.399199" level="INFO">${checktax} = Tax: $4.48</msg>
<var>${checktax}</var>
<arg>xpath:${text_tax}</arg>
<doc>Returns the text value of the element identified by ``locator``.</doc>
<status status="PASS" start="2024-11-12T21:16:33.385707" elapsed="0.013492"/>
</kw>
<kw name="Remove String" owner="String">
<msg time="2024-11-12T21:16:33.400196" level="INFO">${checktax} = 4.48</msg>
<var>${checktax}</var>
<arg>${checktax}</arg>
<arg>Tax: $</arg>
<doc>Removes all ``removables`` from the given ``string``.</doc>
<status status="PASS" start="2024-11-12T21:16:33.399199" elapsed="0.000997"/>
</kw>
<kw name="Evaluate" owner="BuiltIn">
<msg time="2024-11-12T21:16:33.400196" level="INFO">${checktax} = 4.48</msg>
<var>${checktax}</var>
<arg>float(${checktax})</arg>
<doc>Evaluates the given expression in Python and returns the result.</doc>
<status status="PASS" start="2024-11-12T21:16:33.400196" elapsed="0.000000"/>
</kw>
<kw name="Evaluate" owner="BuiltIn">
<msg time="2024-11-12T21:16:33.400196" level="INFO">${tax} = 4.48</msg>
<var>${tax}</var>
<arg>round(${result} * 8 / 100, 2)</arg>
<doc>Evaluates the given expression in Python and returns the result.</doc>
<status status="PASS" start="2024-11-12T21:16:33.400196" elapsed="0.000000"/>
</kw>
<kw name="Log" owner="BuiltIn">
<msg time="2024-11-12T21:16:33.400196" level="INFO">tax = 4.48</msg>
<arg>tax = ${tax}</arg>
<doc>Logs the given message with the given level.</doc>
<status status="PASS" start="2024-11-12T21:16:33.400196" elapsed="0.000000"/>
</kw>
<kw name="Should Be Equal" owner="BuiltIn">
<arg>${checktax}</arg>
<arg>${tax}</arg>
<doc>Fails if the given objects are unequal.</doc>
<status status="PASS" start="2024-11-12T21:16:33.401193" elapsed="0.000000"/>
</kw>
<kw name="Set Global Variable" owner="BuiltIn">
<msg time="2024-11-12T21:16:33.401193" level="INFO">${tax} = 4.48</msg>
<arg>${tax}</arg>
<doc>Makes a variable available globally in all tests and suites.</doc>
<status status="PASS" start="2024-11-12T21:16:33.401193" elapsed="0.000000"/>
</kw>
<status status="PASS" start="2024-11-12T21:16:33.385707" elapsed="0.015486"/>
</kw>
<kw name="Check totals" owner="keyword">
<kw name="Get Text" owner="SeleniumLibrary">
<msg time="2024-11-12T21:16:33.416153" level="INFO">${totals} = Total: $60.45</msg>
<var>${totals}</var>
<arg>xpath:${text_total}</arg>
<doc>Returns the text value of the element identified by ``locator``.</doc>
<status status="PASS" start="2024-11-12T21:16:33.401193" elapsed="0.014960"/>
</kw>
<kw name="Remove String" owner="String">
<msg time="2024-11-12T21:16:33.416153" level="INFO">${totals} = 60.45</msg>
<var>${totals}</var>
<arg>${totals}</arg>
<arg>Total: $</arg>
<doc>Removes all ``removables`` from the given ``string``.</doc>
<status status="PASS" start="2024-11-12T21:16:33.416153" elapsed="0.000997"/>
</kw>
<kw name="Evaluate" owner="BuiltIn">
<msg time="2024-11-12T21:16:33.417150" level="INFO">${totals} = 60.45</msg>
<var>${totals}</var>
<arg>float(${totals})</arg>
<doc>Evaluates the given expression in Python and returns the result.</doc>
<status status="PASS" start="2024-11-12T21:16:33.417150" elapsed="0.000000"/>
</kw>
<kw name="Evaluate" owner="BuiltIn">
<msg time="2024-11-12T21:16:33.417150" level="INFO">${Item_total} = 60.45</msg>
<var>${Item_total}</var>
<arg>${result} + ${tax}</arg>
<doc>Evaluates the given expression in Python and returns the result.</doc>
<status status="PASS" start="2024-11-12T21:16:33.417150" elapsed="0.000000"/>
</kw>
<kw name="Log" owner="BuiltIn">
<msg time="2024-11-12T21:16:33.417150" level="INFO">Total = 60.45</msg>
<arg>Total = ${Item_total}</arg>
<doc>Logs the given message with the given level.</doc>
<status status="PASS" start="2024-11-12T21:16:33.417150" elapsed="0.000998"/>
</kw>
<kw name="Should Be Equal" owner="BuiltIn">
<arg>${totals}</arg>
<arg>${Item_total}</arg>
<doc>Fails if the given objects are unequal.</doc>
<status status="PASS" start="2024-11-12T21:16:33.418148" elapsed="0.000000"/>
</kw>
<kw name="Click Button" owner="SeleniumLibrary">
<msg time="2024-11-12T21:16:33.418148" level="INFO">Clicking button 'xpath://*[@id="finish"]'.</msg>
<arg>xpath:${button_finish}</arg>
<doc>Clicks the button identified by ``locator``.</doc>
<status status="PASS" start="2024-11-12T21:16:33.418148" elapsed="0.045878"/>
</kw>
<status status="PASS" start="2024-11-12T21:16:33.401193" elapsed="0.062833"/>
</kw>
<status status="PASS" start="2024-11-12T21:16:32.998859" elapsed="0.465167"/>
</kw>
<status status="PASS" start="2024-11-12T21:16:29.954756" elapsed="3.510266"/>
</test>
<status status="PASS" start="2024-11-12T21:16:29.661382" elapsed="3.804638"/>
</suite>
<statistics>
<total>
<stat pass="1" fail="0" skip="0">All Tests</stat>
</total>
<tag>
</tag>
<suite>
<stat pass="1" fail="0" skip="0" id="s1" name="Demo">Demo</stat>
</suite>
</statistics>
<errors>
</errors>
</robot>
